<?xml version="1.0" encoding="UTF-8"?>
<testsuite xmlns:xsi="http://www.w3.org/2001/XMLSchema-instance" xsi:noNamespaceSchemaLocation="https://maven.apache.org/surefire/maven-surefire-plugin/xsd/surefire-test-report.xsd" name="uk.ac.lboro.COB107.NeuralNetwork.AppTest" time="0.021" tests="1" errors="0" skipped="0" failures="0">
  <properties>
    <property name="java.specification.version" value="15"/>
    <property name="sun.cpu.isalist" value="amd64"/>
    <property name="sun.jnu.encoding" value="Cp1252"/>
    <property name="java.class.path" value="C:\Users\Zamblot\OneDrive\Documents\University\Year 2\AI Methods\Coursework 2\NeuralNetwork\target\test-classes;C:\Users\Zamblot\OneDrive\Documents\University\Year 2\AI Methods\Coursework 2\NeuralNetwork\target\classes;C:\Users\Zamblot\.m2\repository\org\ejml\ejml-all\0.41\ejml-all-0.41.jar;C:\Users\Zamblot\.m2\repository\org\ejml\ejml-core\0.41\ejml-core-0.41.jar;C:\Users\Zamblot\.m2\repository\org\ejml\ejml-fdense\0.41\ejml-fdense-0.41.jar;C:\Users\Zamblot\.m2\repository\org\ejml\ejml-ddense\0.41\ejml-ddense-0.41.jar;C:\Users\Zamblot\.m2\repository\org\ejml\ejml-cdense\0.41\ejml-cdense-0.41.jar;C:\Users\Zamblot\.m2\repository\org\ejml\ejml-zdense\0.41\ejml-zdense-0.41.jar;C:\Users\Zamblot\.m2\repository\org\ejml\ejml-dsparse\0.41\ejml-dsparse-0.41.jar;C:\Users\Zamblot\.m2\repository\org\ejml\ejml-simple\0.41\ejml-simple-0.41.jar;C:\Users\Zamblot\.m2\repository\org\ejml\ejml-fsparse\0.41\ejml-fsparse-0.41.jar;C:\Users\Zamblot\.m2\repository\junit\junit\4.11\junit-4.11.jar;C:\Users\Zamblot\.m2\repository\org\hamcrest\hamcrest-core\1.3\hamcrest-core-1.3.jar;"/>
    <property name="java.vm.vendor" value="Oracle Corporation"/>
    <property name="sun.arch.data.model" value="64"/>
    <property name="user.variant" value=""/>
    <property name="java.vendor.url" value="https://java.oracle.com/"/>
    <property name="user.timezone" value="Europe/London"/>
    <property name="os.name" value="Windows 10"/>
    <property name="java.vm.specification.version" value="15"/>
    <property name="sun.java.launcher" value="SUN_STANDARD"/>
    <property name="user.country" value="GB"/>
    <property name="sun.boot.library.path" value="C:\Users\Zamblot\.p2\pool\plugins\org.eclipse.justj.openjdk.hotspot.jre.full.win32.x86_64_15.0.2.v20210201-0955\jre\bin"/>
    <property name="sun.java.command" value="C:\Users\Zamblot\AppData\Local\Temp\surefire8023274683736671755\surefirebooter15732670173940245353.jar C:\Users\Zamblot\AppData\Local\Temp\surefire8023274683736671755 2022-03-17T20-08-00_414-jvmRun1 surefire7221861010512899869tmp surefire_05950966271676680850tmp"/>
    <property name="jdk.debug" value="release"/>
    <property name="surefire.test.class.path" value="C:\Users\Zamblot\OneDrive\Documents\University\Year 2\AI Methods\Coursework 2\NeuralNetwork\target\test-classes;C:\Users\Zamblot\OneDrive\Documents\University\Year 2\AI Methods\Coursework 2\NeuralNetwork\target\classes;C:\Users\Zamblot\.m2\repository\org\ejml\ejml-all\0.41\ejml-all-0.41.jar;C:\Users\Zamblot\.m2\repository\org\ejml\ejml-core\0.41\ejml-core-0.41.jar;C:\Users\Zamblot\.m2\repository\org\ejml\ejml-fdense\0.41\ejml-fdense-0.41.jar;C:\Users\Zamblot\.m2\repository\org\ejml\ejml-ddense\0.41\ejml-ddense-0.41.jar;C:\Users\Zamblot\.m2\repository\org\ejml\ejml-cdense\0.41\ejml-cdense-0.41.jar;C:\Users\Zamblot\.m2\repository\org\ejml\ejml-zdense\0.41\ejml-zdense-0.41.jar;C:\Users\Zamblot\.m2\repository\org\ejml\ejml-dsparse\0.41\ejml-dsparse-0.41.jar;C:\Users\Zamblot\.m2\repository\org\ejml\ejml-simple\0.41\ejml-simple-0.41.jar;C:\Users\Zamblot\.m2\repository\org\ejml\ejml-fsparse\0.41\ejml-fsparse-0.41.jar;C:\Users\Zamblot\.m2\repository\junit\junit\4.11\junit-4.11.jar;C:\Users\Zamblot\.m2\repository\org\hamcrest\hamcrest-core\1.3\hamcrest-core-1.3.jar;"/>
    <property name="sun.cpu.endian" value="little"/>
    <property name="user.home" value="C:\Users\Zamblot"/>
    <property name="user.language" value="en"/>
    <property name="java.specification.vendor" value="Oracle Corporation"/>
    <property name="java.version.date" value="2021-01-19"/>
    <property name="java.home" value="C:\Users\Zamblot\.p2\pool\plugins\org.eclipse.justj.openjdk.hotspot.jre.full.win32.x86_64_15.0.2.v20210201-0955\jre"/>
    <property name="file.separator" value="\"/>
    <property name="basedir" value="C:\Users\Zamblot\OneDrive\Documents\University\Year 2\AI Methods\Coursework 2\NeuralNetwork"/>
    <property name="java.vm.compressedOopsMode" value="Zero based"/>
    <property name="line.separator" value="&#10;"/>
    <property name="java.vm.specification.vendor" value="Oracle Corporation"/>
    <property name="java.specification.name" value="Java Platform API Specification"/>
    <property name="surefire.real.class.path" value="C:\Users\Zamblot\AppData\Local\Temp\surefire8023274683736671755\surefirebooter15732670173940245353.jar"/>
    <property name="user.script" value=""/>
    <property name="sun.management.compiler" value="HotSpot 64-Bit Tiered Compilers"/>
    <property name="java.runtime.version" value="15.0.2+7-27"/>
    <property name="user.name" value="Zamblot"/>
    <property name="path.separator" value=";"/>
    <property name="os.version" value="10.0"/>
    <property name="java.runtime.name" value="OpenJDK Runtime Environment"/>
    <property name="file.encoding" value="Cp1252"/>
    <property name="java.vm.name" value="OpenJDK 64-Bit Server VM"/>
    <property name="localRepository" value="C:\Users\Zamblot\.m2\repository"/>
    <property name="java.vendor.url.bug" value="https://bugreport.java.com/bugreport/"/>
    <property name="java.io.tmpdir" value="C:\Users\Zamblot\AppData\Local\Temp\"/>
    <property name="java.version" value="15.0.2"/>
    <property name="user.dir" value="C:\Users\Zamblot\OneDrive\Documents\University\Year 2\AI Methods\Coursework 2\NeuralNetwork"/>
    <property name="os.arch" value="amd64"/>
    <property name="java.vm.specification.name" value="Java Virtual Machine Specification"/>
    <property name="sun.os.patch.level" value=""/>
    <property name="java.library.path" value="C:\Users\Zamblot\.p2\pool\plugins\org.eclipse.justj.openjdk.hotspot.jre.full.win32.x86_64_15.0.2.v20210201-0955\jre\bin;C:\WINDOWS\Sun\Java\bin;C:\WINDOWS\system32;C:\WINDOWS;C:/Users/Zamblot/.p2/pool/plugins/org.eclipse.justj.openjdk.hotspot.jre.full.win32.x86_64_15.0.2.v20210201-0955/jre/bin/server;C:/Users/Zamblot/.p2/pool/plugins/org.eclipse.justj.openjdk.hotspot.jre.full.win32.x86_64_15.0.2.v20210201-0955/jre/bin;C:\Program Files\Common Files\Oracle\Java\javapath;C:\Program Files\Oculus\Support\oculus-runtime;C:\Program Files (x86)\Common Files\Oracle\Java\javapath;C:\Windows\system32;C:\Windows;C:\Windows\System32\Wbem;C:\Windows\System32\WindowsPowerShell\v1.0\;C:\Windows\System32\OpenSSH\;C:\Program Files (x86)\NVIDIA Corporation\PhysX\Common;C:\Program Files\NVIDIA Corporation\NVIDIA NvDLISR;C:\WINDOWS\system32;C:\WINDOWS;C:\WINDOWS\System32\Wbem;C:\WINDOWS\System32\WindowsPowerShell\v1.0\;C:\WINDOWS\System32\OpenSSH\;C:\Program Files\Git\cmd;C:\Program Files\Docker\Docker\resources\bin;C:\ProgramData\DockerDesktop\version-bin;C:\Users\Zamblot\AppData\Local\Microsoft\WindowsApps;C:\Users\Zamblot\AppData\Local\GitHubDesktop\bin;C:\Users\Zamblot\AppData\Local\Programs\Microsoft VS Code\bin;C:\WINDOWS\System32;;."/>
    <property name="java.vm.info" value="mixed mode"/>
    <property name="java.vendor" value="Oracle Corporation"/>
    <property name="java.vm.version" value="15.0.2+7-27"/>
    <property name="sun.io.unicode.encoding" value="UnicodeLittle"/>
    <property name="java.class.version" value="59.0"/>
  </properties>
  <testcase name="shouldAnswerWithTrue" classname="uk.ac.lboro.COB107.NeuralNetwork.AppTest" time="0.001"/>
</testsuite>